<?xml version="1.0" encoding="UTF-8"?>
<testng-results ignored="0" total="1" passed="1" failed="0" skipped="0">
  <reporter-output>
  </reporter-output>
  <suite started-at="2023-09-24T18:38:15 GMT-04:00" name="Suite" finished-at="2023-09-24T18:38:56 GMT-04:00" duration-ms="40850">
    <groups>
    </groups>
    <test started-at="2023-09-24T18:38:15 GMT-04:00" name="Test" finished-at="2023-09-24T18:38:56 GMT-04:00" duration-ms="40850">
      <class name="in.todo.tests.ToDoHomePageTests">
        <test-method is-config="true" signature="preSetup()[pri:0, instance:in.todo.tests.ToDoHomePageTests@7b9a4292]" started-at="2023-09-24T18:38:15 GMT-04:00" name="preSetup" finished-at="2023-09-24T18:38:21 GMT-04:00" duration-ms="5875" status="PASS">
          <reporter-output>
          </reporter-output>
        </test-method> <!-- preSetup -->
        <test-method signature="toDoHomePageCases()[pri:0, instance:in.todo.tests.ToDoHomePageTests@7b9a4292]" started-at="2023-09-24T18:38:21 GMT-04:00" name="toDoHomePageCases" finished-at="2023-09-24T18:38:54 GMT-04:00" duration-ms="33473" status="PASS">
          <reporter-output>
          </reporter-output>
        </test-method> <!-- toDoHomePageCases -->
        <test-method is-config="true" signature="postSetup()[pri:0, instance:in.todo.tests.ToDoHomePageTests@7b9a4292]" started-at="2023-09-24T18:38:54 GMT-04:00" name="postSetup" finished-at="2023-09-24T18:38:56 GMT-04:00" duration-ms="1442" status="PASS">
          <reporter-output>
          </reporter-output>
        </test-method> <!-- postSetup -->
      </class> <!-- in.todo.tests.ToDoHomePageTests -->
    </test> <!-- Test -->
  </suite> <!-- Suite -->
</testng-results>
